<?xml version="1.0" encoding="UTF-8"?>
<!-- Generated by org.testng.reporters.JUnitReportReporter -->
<testsuite skipped="0" hostname="aren" name="dataCollector.MainTest" tests="1" failures="0" timestamp="2019-11-20T01:19:19 AMT" time="100.555" errors="0">
  <testcase name="getData" time="100.555" classname="dataCollector.MainTest"/>
</testsuite> <!-- dataCollector.MainTest -->
